Arguments: 
  C:\Program Files\nodejs\node.exe C:\Program Files (x86)\Yarn\bin\yarn.js add jasonwebtoken

PATH: 
  C:\Users\koju\bin;C:\Program Files\Git\mingw64\bin;C:\Program Files\Git\usr\local\bin;C:\Program Files\Git\usr\bin;C:\Program Files\Git\usr\bin;C:\Program Files\Git\mingw64\bin;C:\Program Files\Git\usr\bin;C:\Users\koju\bin;C:\Program Files (x86)\Google\Chrome\Application;C:\ProgramData\Oracle\Java\javapath;C:\Windows\system32;C:\Windows;C:\Windows\System32\Wbem;C:\Windows\System32\WindowsPowerShell\v1.0;C:\Program Files (x86)\NVIDIA Corporation\PhysX\Common;C:\WINDOWS\system32;C:\WINDOWS;C:\WINDOWS\System32\Wbem;C:\WINDOWS\System32\WindowsPowerShell\v1.0;C:\Program Files (x86)\Microsoft SQL Server\Client SDK\ODBC\130\Tools\Binn;C:\Program Files (x86)\Microsoft SQL Server\140\Tools\Binn;C:\Program Files (x86)\Microsoft SQL Server\140\DTS\Binn;C:\Program Files (x86)\Microsoft SQL Server\140\Tools\Binn\ManagementStudio;C:\WINDOWS\System32\OpenSSH;C:\wamp\bin\php\php5.6.35;C:\ProgramData\ComposerSetup\bin;C:\xampp\php;C:\Program Files\dotnet;C:\Program Files\Microsoft SQL Server\130\Tools\Binn;C:\Program Files\Microsoft SQL Server\Client SDK\ODBC\170\Tools\Binn;C:\Program Files\Microsoft SQL Server\Client SDK\ODBC\130\Tools\Binn;C:\Program Files\Microsoft SQL Server\140\Tools\Binn;C:\Program Files\Microsoft SQL Server\140\DTS\Binn;C:\Program Files\Git\cmd;C:\Users\koju\AppData\Roaming\nvm;C:\Program Files\nodejs;C:\Program Files\nodejs;C:\Program Files (x86)\Yarn\bin;C:\Program Files\PostgreSQL\12\bin;C:\Users\koju\AppData\Local\atom\bin;C:\Users\koju\AppData\Local\Microsoft\WindowsApps;C:\Users\koju\AppData\Roaming\Composer\vendor\bin;C:\Program Files\heroku\bin;C:\Users\koju\AppData\Local\Programs\Microsoft VS Code\bin;C:\Users\koju\AppData\Roaming\nvm;C:\Program Files\nodejs;C:\Users\koju\AppData\Roaming\npm;C:\Users\koju\AppData\Local\Yarn\bin;C:\Program Files\MongoDB\mongosh-1.6.0-win32-x64\bin;C:\Program Files\MongoDB\Server\6.0\bin;C:\Program Files\Git\usr\bin\vendor_perl;C:\Program Files\Git\usr\bin\core_perl

Yarn version: 
  1.22.19

Node version: 
  16.17.0

Platform: 
  win32 x64

Trace: 
  Error: https://registry.npmjs.org/jasonwebtoken: Not found
      at Request.params.callback [as _callback] (C:\Program Files (x86)\Yarn\lib\cli.js:66145:18)
      at Request.self.callback (C:\Program Files (x86)\Yarn\lib\cli.js:140890:22)
      at Request.emit (node:events:513:28)
      at Request.<anonymous> (C:\Program Files (x86)\Yarn\lib\cli.js:141862:10)
      at Request.emit (node:events:513:28)
      at IncomingMessage.<anonymous> (C:\Program Files (x86)\Yarn\lib\cli.js:141784:12)
      at Object.onceWrapper (node:events:627:28)
      at IncomingMessage.emit (node:events:525:35)
      at endReadableNT (node:internal/streams/readable:1358:12)
      at processTicksAndRejections (node:internal/process/task_queues:83:21)

npm manifest: 
  {
    "name": "api",
    "version": "1.0.0",
    "description": "",
    "main": "server.js",
    "type": "module",
    "scripts": {
      "start": "node server.js",
      "dev": "nodemon server.js",
      "test": "echo \"Error: no test specified\" && exit 1"
    },
    "keywords": [],
    "author": "",
    "license": "ISC",
    "dependencies": {
      "bcryptjs": "^2.4.3",
      "cors": "^2.8.5",
      "dotenv": "^16.0.3",
      "express": "^4.18.2",
      "joi": "^17.7.0",
      "mongoose": "^6.9.0",
      "morgan": "^1.10.0",
      "nodemailer": "^6.9.1",
      "slugify": "^1.6.5",
      "uuid": "^9.0.0"
    }
  }

yarn manifest: 
  No manifest

Lockfile: 
  No lockfile
